<?xml version="1.0" encoding="UTF-8"?>
<testsuite xmlns:xsi="http://www.w3.org/2001/XMLSchema-instance" xsi:noNamespaceSchemaLocation="https://maven.apache.org/surefire/maven-surefire-plugin/xsd/surefire-test-report-3.0.xsd" version="3.0" name="tests.DeleteBookTest" time="0.605" tests="2" errors="0" skipped="0" failures="0">
  <properties>
[...]
</properties>
  <testcase name="testDeleteBook" classname="tests.DeleteBookTest" time="0.142">
    <system-out><![CDATA[Request method:	POST
Request URI:	http://localhost:8000/login
Proxy:			<none>
Request params:	<none>
Query params:	<none>
Form params:	<none>
Path params:	<none>
Headers:		Accept=*/*
				Content-Type=application/json
Cookies:		<none>
Multiparts:		<none>
Body:
{
    "password": "password123",
    "email": "user@example.com"
}
HTTP/1.1 200 OK
date: Sat, 07 Jun 2025 20:05:34 GMT
server: uvicorn
content-length: 180
content-type: application/json

{
    "access_token": "eyJ0eXAiOiJKV1QiLCJhbGciOiJIUzI1NiJ9.eyJzdWIiOiJ1c2VyQGV4YW1wbGUuY29tIiwiZXhwIjoxNzQ5MzI4NTM1fQ.BzqmkEXsBLZvzByb1Bq8xsnTqeBNOAMGSDauQyX_YEQ",
    "token_type": "bearer"
}
Request method:	POST
Request URI:	http://localhost:8000/books/
Proxy:			<none>
Request params:	<none>
Query params:	<none>
Form params:	<none>
Path params:	<none>
Headers:		Authorization=Bearer eyJ0eXAiOiJKV1QiLCJhbGciOiJIUzI1NiJ9.eyJzdWIiOiJ1c2VyQGV4YW1wbGUuY29tIiwiZXhwIjoxNzQ5MzI4NTM1fQ.BzqmkEXsBLZvzByb1Bq8xsnTqeBNOAMGSDauQyX_YEQ
				Accept=*/*
				Content-Type=application/json
Cookies:		<none>
Multiparts:		<none>
Body:
{
    "book_summary": "A collection of devotional poems",
    "published_year": 1910,
    "author": "Rabindranath Tagore",
    "name": "Gitanjali"
}
HTTP/1.1 200 OK
date: Sat, 07 Jun 2025 20:05:34 GMT
server: uvicorn
content-length: 131
content-type: application/json

{
    "book_summary": "A collection of devotional poems",
    "id": 61,
    "author": "Rabindranath Tagore",
    "name": "Gitanjali",
    "published_year": 1910
}
Request method:	DELETE
Request URI:	http://localhost:8000/books/61
Proxy:			<none>
Request params:	<none>
Query params:	<none>
Form params:	<none>
Path params:	id=61
Headers:		Authorization=Bearer eyJ0eXAiOiJKV1QiLCJhbGciOiJIUzI1NiJ9.eyJzdWIiOiJ1c2VyQGV4YW1wbGUuY29tIiwiZXhwIjoxNzQ5MzI4NTM1fQ.BzqmkEXsBLZvzByb1Bq8xsnTqeBNOAMGSDauQyX_YEQ
				Accept=*/*
Cookies:		<none>
Multiparts:		<none>
Body:			<none>
HTTP/1.1 200 OK
date: Sat, 07 Jun 2025 20:05:34 GMT
server: uvicorn
content-length: 39
content-type: application/json

{
    "message": "Book deleted successfully"
}
]]></system-out>
  </testcase>
  <testcase name="testDeleteBookNotFound" classname="tests.DeleteBookTest" time="0.032">
    <system-out><![CDATA[Request method:	DELETE
Request URI:	http://localhost:8000/books/10060
Proxy:			<none>
Request params:	<none>
Query params:	<none>
Form params:	<none>
Path params:	id=10060
Headers:		Authorization=Bearer eyJ0eXAiOiJKV1QiLCJhbGciOiJIUzI1NiJ9.eyJzdWIiOiJ1c2VyQGV4YW1wbGUuY29tIiwiZXhwIjoxNzQ5MzI4NTM1fQ.BzqmkEXsBLZvzByb1Bq8xsnTqeBNOAMGSDauQyX_YEQ
				Accept=*/*
Cookies:		<none>
Multiparts:		<none>
Body:			<none>
HTTP/1.1 404 Not Found
date: Sat, 07 Jun 2025 20:05:34 GMT
server: uvicorn
content-length: 27
content-type: application/json

{
    "detail": "Book not found"
}
]]></system-out>
  </testcase>
</testsuite>