<?xml version="1.0" encoding="UTF-8"?>
<testsuite xmlns:xsi="http://www.w3.org/2001/XMLSchema-instance" xsi:noNamespaceSchemaLocation="https://maven.apache.org/surefire/maven-surefire-plugin/xsd/surefire-test-report-3.0.xsd" version="3.0" name="tests.UpdateBookTest" time="0.5" tests="2" errors="0" skipped="0" failures="0">
  <properties>
[...]
</properties>
  <testcase name="testUpdateBook" classname="tests.UpdateBookTest" time="0.137">
    <system-out><![CDATA[Request method:	POST
Request URI:	http://localhost:8000/login
Proxy:			<none>
Request params:	<none>
Query params:	<none>
Form params:	<none>
Path params:	<none>
Headers:		Accept=*/*
				Content-Type=application/json
Cookies:		<none>
Multiparts:		<none>
Body:
{
    "password": "password123",
    "email": "user@example.com"
}
HTTP/1.1 200 OK
date: Thu, 12 Jun 2025 08:52:44 GMT
server: uvicorn
content-length: 180
content-type: application/json

{
    "access_token": "eyJ0eXAiOiJKV1QiLCJhbGciOiJIUzI1NiJ9.eyJzdWIiOiJ1c2VyQGV4YW1wbGUuY29tIiwiZXhwIjoxNzQ5NzIwMTY1fQ.tn6xD7JmnsaFzjf0IQ1VHOzEc4rJQ-WdD0iiWOmndi8",
    "token_type": "bearer"
}
Request method:	POST
Request URI:	http://localhost:8000/books/
Proxy:			<none>
Request params:	<none>
Query params:	<none>
Form params:	<none>
Path params:	<none>
Headers:		Authorization=Bearer eyJ0eXAiOiJKV1QiLCJhbGciOiJIUzI1NiJ9.eyJzdWIiOiJ1c2VyQGV4YW1wbGUuY29tIiwiZXhwIjoxNzQ5NzIwMTY1fQ.tn6xD7JmnsaFzjf0IQ1VHOzEc4rJQ-WdD0iiWOmndi8
				Accept=*/*
				Content-Type=application/json
Cookies:		<none>
Multiparts:		<none>
Body:
{
    "book_summary": "Detailed summary",
    "published_year": 2000,
    "author": "Adam",
    "name": "Original Book"
}
HTTP/1.1 200 OK
date: Thu, 12 Jun 2025 08:52:44 GMT
server: uvicorn
content-length: 105
content-type: application/json

{
    "author": "Adam",
    "name": "Original Book",
    "published_year": 2000,
    "book_summary": "Detailed summary",
    "id": 100
}
Request method:	PUT
Request URI:	http://localhost:8000/books/100
Proxy:			<none>
Request params:	<none>
Query params:	<none>
Form params:	<none>
Path params:	id=100
Headers:		Authorization=Bearer eyJ0eXAiOiJKV1QiLCJhbGciOiJIUzI1NiJ9.eyJzdWIiOiJ1c2VyQGV4YW1wbGUuY29tIiwiZXhwIjoxNzQ5NzIwMTY1fQ.tn6xD7JmnsaFzjf0IQ1VHOzEc4rJQ-WdD0iiWOmndi8
				Accept=*/*
				Content-Type=application/json
Cookies:		<none>
Multiparts:		<none>
Body:
{
    "book_summary": "Updated summary",
    "published_year": 2023,
    "author": "Updated Author",
    "name": "Updated Book Name"
}
HTTP/1.1 200 OK
date: Thu, 12 Jun 2025 08:52:44 GMT
server: uvicorn
content-length: 118
content-type: application/json

{
    "author": "Updated Author",
    "name": "Updated Book Name",
    "published_year": 2023,
    "book_summary": "Updated summary",
    "id": 100
}
]]></system-out>
  </testcase>
  <testcase name="testUpdateNonExistentBook" classname="tests.UpdateBookTest" time="0.022">
    <system-out><![CDATA[Request method:	PUT
Request URI:	http://localhost:8000/books/99999
Proxy:			<none>
Request params:	<none>
Query params:	<none>
Form params:	<none>
Path params:	id=99999
Headers:		Authorization=Bearer eyJ0eXAiOiJKV1QiLCJhbGciOiJIUzI1NiJ9.eyJzdWIiOiJ1c2VyQGV4YW1wbGUuY29tIiwiZXhwIjoxNzQ5NzIwMTY1fQ.tn6xD7JmnsaFzjf0IQ1VHOzEc4rJQ-WdD0iiWOmndi8
				Accept=*/*
				Content-Type=application/json
Cookies:		<none>
Multiparts:		<none>
Body:
{
    "name": "Non-existent Book"
}
HTTP/1.1 404 Not Found
date: Thu, 12 Jun 2025 08:52:44 GMT
server: uvicorn
content-length: 27
content-type: application/json

{
    "detail": "Book not found"
}
]]></system-out>
  </testcase>
</testsuite>