<?xml version="1.0" encoding="UTF-8"?>
<testsuite xmlns:xsi="http://www.w3.org/2001/XMLSchema-instance" xsi:noNamespaceSchemaLocation="https://maven.apache.org/surefire/maven-surefire-plugin/xsd/surefire-test-report-3.0.xsd" version="3.0" name="tests.CreateBookTest" time="3.427" tests="3" errors="0" skipped="0" failures="0">
  <properties>
[...]
</properties>
  <testcase name="testCreateBook" classname="tests.CreateBookTest" time="0.239">
    <system-out><![CDATA[Request method:	POST
Request URI:	http://localhost:8000/login
Proxy:			<none>
Request params:	<none>
Query params:	<none>
Form params:	<none>
Path params:	<none>
Headers:		Accept=*/*
				Content-Type=application/json
Cookies:		<none>
Multiparts:		<none>
Body:
{
    "password": "password123",
    "email": "user@example.com"
}
HTTP/1.1 200 OK
date: Thu, 12 Jun 2025 07:47:21 GMT
server: uvicorn
content-length: 180
content-type: application/json

{
    "access_token": "eyJ0eXAiOiJKV1QiLCJhbGciOiJIUzI1NiJ9.eyJzdWIiOiJ1c2VyQGV4YW1wbGUuY29tIiwiZXhwIjoxNzQ5NzE2MjQyfQ.W9O5qp4tQ_T6OuCdpP6LyZv-0rzTRwOx4xCKPHJsLG0",
    "token_type": "bearer"
}
Request method:	POST
Request URI:	http://localhost:8000/books/
Proxy:			<none>
Request params:	<none>
Query params:	<none>
Form params:	<none>
Path params:	<none>
Headers:		Authorization=Bearer eyJ0eXAiOiJKV1QiLCJhbGciOiJIUzI1NiJ9.eyJzdWIiOiJ1c2VyQGV4YW1wbGUuY29tIiwiZXhwIjoxNzQ5NzE2MjQyfQ.W9O5qp4tQ_T6OuCdpP6LyZv-0rzTRwOx4xCKPHJsLG0
				Accept=*/*
				Content-Type=application/json
Cookies:		<none>
Multiparts:		<none>
Body:
{
    "book_summary": "Very interesting book",
    "published_year": 1815,
    "author": "Jane Austen",
    "name": "Emma"
}
HTTP/1.1 200 OK
date: Thu, 12 Jun 2025 07:47:22 GMT
server: uvicorn
content-length: 107
content-type: application/json

{
    "author": "Jane Austen",
    "name": "Emma",
    "published_year": 1815,
    "book_summary": "Very interesting book",
    "id": 93
}
]]></system-out>
    <system-err><![CDATA[SLF4J: Failed to load class "org.slf4j.impl.StaticLoggerBinder".
SLF4J: Defaulting to no-operation (NOP) logger implementation
SLF4J: See http://www.slf4j.org/codes.html#StaticLoggerBinder for further details.
]]></system-err>
  </testcase>
  <testcase name="testCreateBookMissingFields" classname="tests.CreateBookTest" time="0.035">
    <system-out><![CDATA[Request method:	POST
Request URI:	http://localhost:8000/books/
Proxy:			<none>
Request params:	<none>
Query params:	<none>
Form params:	<none>
Path params:	<none>
Headers:		Authorization=Bearer eyJ0eXAiOiJKV1QiLCJhbGciOiJIUzI1NiJ9.eyJzdWIiOiJ1c2VyQGV4YW1wbGUuY29tIiwiZXhwIjoxNzQ5NzE2MjQyfQ.W9O5qp4tQ_T6OuCdpP6LyZv-0rzTRwOx4xCKPHJsLG0
				Accept=*/*
				Content-Type=application/json
Cookies:		<none>
Multiparts:		<none>
Body:
{
    "book_summary": "A heartwarming memoir about life lessons from a dying professor",
    "published_year": 1999,
    "author": "Mitch Albom"
}
HTTP/1.1 500 Internal Server Error
date: Thu, 12 Jun 2025 07:47:23 GMT
server: uvicorn
content-length: 21
content-type: text/plain; charset=utf-8

Internal Server Error
]]></system-out>
  </testcase>
  <testcase name="testCreateBookDuplicateId" classname="tests.CreateBookTest" time="0.079">
    <system-out><![CDATA[Request method:	POST
Request URI:	http://localhost:8000/books/
Proxy:			<none>
Request params:	<none>
Query params:	<none>
Form params:	<none>
Path params:	<none>
Headers:		Authorization=Bearer eyJ0eXAiOiJKV1QiLCJhbGciOiJIUzI1NiJ9.eyJzdWIiOiJ1c2VyQGV4YW1wbGUuY29tIiwiZXhwIjoxNzQ5NzE2MjQyfQ.W9O5qp4tQ_T6OuCdpP6LyZv-0rzTRwOx4xCKPHJsLG0
				Accept=*/*
				Content-Type=application/json
Cookies:		<none>
Multiparts:		<none>
Body:
{
    "book_summary": "Very interesting book",
    "published_year": 1815,
    "author": "Jane Austen",
    "name": "Emma"
}
HTTP/1.1 200 OK
date: Thu, 12 Jun 2025 07:47:23 GMT
server: uvicorn
content-length: 107
content-type: application/json

{
    "author": "Jane Austen",
    "name": "Emma",
    "published_year": 1815,
    "book_summary": "Very interesting book",
    "id": 94
}
Request method:	POST
Request URI:	http://localhost:8000/books/
Proxy:			<none>
Request params:	<none>
Query params:	<none>
Form params:	<none>
Path params:	<none>
Headers:		Authorization=Bearer eyJ0eXAiOiJKV1QiLCJhbGciOiJIUzI1NiJ9.eyJzdWIiOiJ1c2VyQGV4YW1wbGUuY29tIiwiZXhwIjoxNzQ5NzE2MjQyfQ.W9O5qp4tQ_T6OuCdpP6LyZv-0rzTRwOx4xCKPHJsLG0
				Accept=*/*
				Content-Type=application/json
Cookies:		<none>
Multiparts:		<none>
Body:
{
    "book_summary": "Very interesting book",
    "published_year": 1815,
    "author": "Jane Austen",
    "name": "Emma",
    "id": "94"
}
HTTP/1.1 500 Internal Server Error
date: Thu, 12 Jun 2025 07:47:23 GMT
server: uvicorn
content-length: 21
content-type: text/plain; charset=utf-8

Internal Server Error
]]></system-out>
  </testcase>
</testsuite>